<?xml version="1.0" encoding="UTF-8"?>
<testsuite xmlns:xsi="http://www.w3.org/2001/XMLSchema-instance" xsi:noNamespaceSchemaLocation="https://maven.apache.org/surefire/maven-surefire-plugin/xsd/surefire-test-report.xsd" version="3.0.2" name="com.zeta.project.FirstProjectApplicationTests" time="2.554" tests="1" errors="0" skipped="0" failures="0">
  <properties>
[...]
</properties>
  <testcase name="contextLoads" classname="com.zeta.project.FirstProjectApplicationTests" time="0.243">
    <system-out><![CDATA[15:41:39.338 [main] INFO org.springframework.test.context.support.AnnotationConfigContextLoaderUtils -- Could not detect default configuration classes for test class [com.zeta.project.FirstProjectApplicationTests]: FirstProjectApplicationTests does not declare any static, non-private, non-final, nested classes annotated with @Configuration.
15:41:39.377 [main] INFO org.springframework.boot.test.context.SpringBootTestContextBootstrapper -- Found @SpringBootConfiguration com.zeta.project.VehicleManagementSystem for test class com.zeta.project.FirstProjectApplicationTests

  .   ____          _            __ _ _
 /\\ / ___'_ __ _ _(_)_ __  __ _ \ \ \ \
( ( )\___ | '_ | '_| | '_ \/ _` | \ \ \ \
 \\/  ___)| |_)| | | | | || (_| |  ) ) ) )
  '  |____| .__|_| |_|_| |_\__, | / / / /
 =========|_|==============|___/=/_/_/_/

 :: Spring Boot ::                (v3.4.2)

2025-03-14T15:41:39.504+05:30  INFO 9872 --- [Vehicle-Management-System] [           main] c.z.p.FirstProjectApplicationTests       : Starting FirstProjectApplicationTests using Java 17.0.14 with PID 9872 (started by gdhekshagna in /Users/gdhekshagna/Downloads/Vehicle-Management-System)
2025-03-14T15:41:39.504+05:30  INFO 9872 --- [Vehicle-Management-System] [           main] c.z.p.FirstProjectApplicationTests       : No active profile set, falling back to 1 default profile: "default"
2025-03-14T15:41:39.732+05:30  INFO 9872 --- [Vehicle-Management-System] [           main] .s.d.r.c.RepositoryConfigurationDelegate : Bootstrapping Spring Data JPA repositories in DEFAULT mode.
2025-03-14T15:41:39.754+05:30  INFO 9872 --- [Vehicle-Management-System] [           main] .s.d.r.c.RepositoryConfigurationDelegate : Finished Spring Data repository scanning in 18 ms. Found 6 JPA repository interfaces.
2025-03-14T15:41:39.916+05:30  INFO 9872 --- [Vehicle-Management-System] [           main] o.hibernate.jpa.internal.util.LogHelper  : HHH000204: Processing PersistenceUnitInfo [name: default]
2025-03-14T15:41:39.938+05:30  INFO 9872 --- [Vehicle-Management-System] [           main] org.hibernate.Version                    : HHH000412: Hibernate ORM core version 6.6.5.Final
2025-03-14T15:41:39.949+05:30  INFO 9872 --- [Vehicle-Management-System] [           main] o.h.c.internal.RegionFactoryInitiator    : HHH000026: Second-level cache disabled
2025-03-14T15:41:40.044+05:30  INFO 9872 --- [Vehicle-Management-System] [           main] o.s.o.j.p.SpringPersistenceUnitInfo      : No LoadTimeWeaver setup: ignoring JPA class transformer
2025-03-14T15:41:40.054+05:30  INFO 9872 --- [Vehicle-Management-System] [           main] com.zaxxer.hikari.HikariDataSource       : HikariPool-1 - Starting...
2025-03-14T15:41:40.143+05:30  INFO 9872 --- [Vehicle-Management-System] [           main] com.zaxxer.hikari.pool.HikariPool        : HikariPool-1 - Added connection org.postgresql.jdbc.PgConnection@5cffec7
2025-03-14T15:41:40.144+05:30  INFO 9872 --- [Vehicle-Management-System] [           main] com.zaxxer.hikari.HikariDataSource       : HikariPool-1 - Start completed.
2025-03-14T15:41:40.157+05:30  WARN 9872 --- [Vehicle-Management-System] [           main] org.hibernate.orm.deprecation            : HHH90000025: PostgreSQLDialect does not need to be specified explicitly using 'hibernate.dialect' (remove the property setting and it will be selected by default)
2025-03-14T15:41:40.163+05:30  INFO 9872 --- [Vehicle-Management-System] [           main] org.hibernate.orm.connections.pooling    : HHH10001005: Database info:
	Database JDBC URL [Connecting through datasource 'HikariDataSource (HikariPool-1)']
	Database driver: undefined/unknown
	Database version: 17.2
	Autocommit mode: undefined/unknown
	Isolation level: undefined/unknown
	Minimum pool size: undefined/unknown
	Maximum pool size: undefined/unknown
2025-03-14T15:41:40.470+05:30  INFO 9872 --- [Vehicle-Management-System] [           main] o.h.e.t.j.p.i.JtaPlatformInitiator       : HHH000489: No JTA platform available (set 'hibernate.transaction.jta.platform' to enable JTA platform integration)
2025-03-14T15:41:40.816+05:30  INFO 9872 --- [Vehicle-Management-System] [           main] j.LocalContainerEntityManagerFactoryBean : Initialized JPA EntityManagerFactory for persistence unit 'default'
2025-03-14T15:41:40.935+05:30  INFO 9872 --- [Vehicle-Management-System] [           main] o.s.d.j.r.query.QueryEnhancerFactory     : Hibernate is in classpath; If applicable, HQL parser will be used.
2025-03-14T15:41:41.321+05:30  INFO 9872 --- [Vehicle-Management-System] [           main] eAuthenticationProviderManagerConfigurer : Global AuthenticationManager configured with AuthenticationProvider bean with name authenticationProvider
2025-03-14T15:41:41.321+05:30  WARN 9872 --- [Vehicle-Management-System] [           main] r$InitializeUserDetailsManagerConfigurer : Global AuthenticationManager configured with an AuthenticationProvider bean. UserDetailsService beans will not be used by Spring Security for automatically configuring username/password login. Consider removing the AuthenticationProvider bean. Alternatively, consider using the UserDetailsService in a manually instantiated DaoAuthenticationProvider. If the current configuration is intentional, to turn off this warning, increase the logging level of 'org.springframework.security.config.annotation.authentication.configuration.InitializeUserDetailsBeanManagerConfigurer' to ERROR
2025-03-14T15:41:41.346+05:30  WARN 9872 --- [Vehicle-Management-System] [           main] JpaBaseConfiguration$JpaWebConfiguration : spring.jpa.open-in-view is enabled by default. Therefore, database queries may be performed during view rendering. Explicitly configure spring.jpa.open-in-view to disable this warning
2025-03-14T15:41:41.444+05:30  WARN 9872 --- [Vehicle-Management-System] [           main] thorizationManagerRequestMatcherRegistry : One of the patterns in [/api/v1/admins/**, api/v1/reservations/history/**, api/v1/users, api/v1/vehicles/vehicle/**] is missing a leading slash. This is discouraged; please include the leading slash in all your request matcher patterns. In future versions of Spring Security, leaving out the leading slash will result in an exception.
2025-03-14T15:41:41.523+05:30  WARN 9872 --- [Vehicle-Management-System] [           main] ion$DefaultTemplateResolverConfiguration : Cannot find template location: classpath:/templates/ (please add some templates, check your Thymeleaf configuration, or set spring.thymeleaf.check-template-location=false)
2025-03-14T15:41:41.567+05:30  INFO 9872 --- [Vehicle-Management-System] [           main] c.z.p.FirstProjectApplicationTests       : Started FirstProjectApplicationTests in 2.148 seconds (process running for 2.503)
]]></system-out>
  </testcase>
</testsuite>